[02:26:39.393][INFO]: Successfully injected RecipeFS file system
[02:26:39.436][INFO]: Successfully identified and loaded plugin crafttweaker:builtin
[02:26:39.446][INFO]: Successfully identified and loaded plugin crafttweaker:builtin_forge
[02:26:39.450][INFO]: Successfully identified and loaded plugin farmersdelight:crafttweaker_plugin
[02:26:40.344][INFO]: The following mods have explicit CraftTweaker support through the default plugin:
[02:26:40.348][INFO]: - 'aether' at version '1.19.2-1.4.2-forge'
[02:26:40.349][INFO]: - 'aquaculture' at version '1.19.2-2.4.17'
[02:26:40.349][INFO]: - 'crafttweaker' at version '10.1.55'
[02:26:40.349][INFO]: - 'farmersdelight' at version '1.19.2-1.2.4'
[02:26:40.349][INFO]: - 'gamestages' at version '11.1.4'
[02:26:40.349][INFO]: - 'itemstages' at version '5.1.4'
[02:26:53.778][INFO]: Started loading scripts for loader 'initialize'
[02:26:54.379][INFO]: Compiling and executing scripts
[02:26:54.458][INFO]: Successfully initialized modules [crafttweaker, expansions]
[02:26:54.603][INFO]: Execution for loader 'initialize' completed successfully
[02:27:05.969][INFO]: Started loading scripts for loader 'tags'
[02:27:06.002][INFO]: Compiling and executing scripts
[02:27:06.020][INFO]: Successfully initialized modules [crafttweaker, expansions]
[02:27:06.033][INFO]: Execution for loader 'tags' completed successfully
[02:27:11.369][INFO]: Started loading scripts for loader 'crafttweaker'
[02:27:11.398][INFO]: Compiling and executing scripts
[02:27:11.741][INFO]: Successfully initialized modules [mods, crafttweaker, expansions]
[02:27:11.750][INFO]: Execution for loader 'crafttweaker' completed successfully
